[github.com/flipped-aurora/gin-vue-admin/server]2025-07-19 13:29:42.720	[34minfo[0m	C:/Workspace/gin-vue-admin/server/initialize/router.go:72	register swagger handler
[github.com/flipped-aurora/gin-vue-admin/server]2025-07-19 13:29:42.731	[34minfo[0m	C:/Workspace/gin-vue-admin/server/initialize/plugin.go:10	é¡¹ç›®æš‚æœªåˆå§‹åŒ–ï¼Œæ— æ³•å®‰è£…æ’ä»¶ï¼Œåˆå§‹åŒ–åé‡å¯é¡¹ç›®å³å¯å®Œæˆæ’ä»¶å®‰è£…
[github.com/flipped-aurora/gin-vue-admin/server]2025-07-19 13:29:42.732	[34minfo[0m	C:/Workspace/gin-vue-admin/server/initialize/router.go:124	router register success
[github.com/flipped-aurora/gin-vue-admin/server]2025-07-19 13:31:14.157	[34minfo[0m	C:/Workspace/gin-vue-admin/server/api/v1/system/sys_initdb.go:57	å‰å¾€åˆå§‹åŒ–æ•°æ®åº“
[github.com/flipped-aurora/gin-vue-admin/server]2025-07-19 13:33:23.308	[34minfo[0m	C:/Workspace/gin-vue-admin/server/core/server_run.go:48	å…³é—­WEBæœåŠ¡...
[github.com/flipped-aurora/gin-vue-admin/server]2025-07-19 13:33:23.309	[34minfo[0m	C:/Workspace/gin-vue-admin/server/core/server_run.go:59	WEBæœåŠ¡å·²å…³é—­
[github.com/flipped-aurora/gin-vue-admin/server]2025-07-19 13:33:25.734	[34minfo[0m	C:/Workspace/gin-vue-admin/server/initialize/gorm.go:77	register table success
[github.com/flipped-aurora/gin-vue-admin/server]2025-07-19 13:33:25.737	[34minfo[0m	C:/Workspace/gin-vue-admin/server/initialize/router.go:72	register swagger handler
[github.com/flipped-aurora/gin-vue-admin/server]2025-07-19 13:33:25.788	[34minfo[0m	C:/Workspace/gin-vue-admin/server/initialize/router.go:124	router register success
[github.com/flipped-aurora/gin-vue-admin/server]2025-07-19 13:34:02.851	[34minfo[0m	C:/Workspace/gin-vue-admin/server/core/server_run.go:48	å…³é—­WEBæœåŠ¡...
[github.com/flipped-aurora/gin-vue-admin/server]2025-07-19 13:34:02.852	[34minfo[0m	C:/Workspace/gin-vue-admin/server/core/server_run.go:59	WEBæœåŠ¡å·²å…³é—­
[github.com/flipped-aurora/gin-vue-admin/server]2025-07-19 13:35:21.197	[34minfo[0m	C:/Workspace/gin-vue-admin/server/initialize/router.go:72	register swagger handler
[github.com/flipped-aurora/gin-vue-admin/server]2025-07-19 13:35:21.205	[34minfo[0m	C:/Workspace/gin-vue-admin/server/initialize/plugin.go:10	é¡¹ç›®æš‚æœªåˆå§‹åŒ–ï¼Œæ— æ³•å®‰è£…æ’ä»¶ï¼Œåˆå§‹åŒ–åé‡å¯é¡¹ç›®å³å¯å®Œæˆæ’ä»¶å®‰è£…
[github.com/flipped-aurora/gin-vue-admin/server]2025-07-19 13:35:21.205	[34minfo[0m	C:/Workspace/gin-vue-admin/server/initialize/router.go:124	router register success
[github.com/flipped-aurora/gin-vue-admin/server]2025-07-19 13:35:25.481	[34minfo[0m	C:/Workspace/gin-vue-admin/server/api/v1/system/sys_initdb.go:57	å‰å¾€åˆå§‹åŒ–æ•°æ®åº“
[github.com/flipped-aurora/gin-vue-admin/server]2025-07-19 13:36:06.367	[34minfo[0m	C:/Workspace/gin-vue-admin/server/core/server_run.go:48	å…³é—­WEBæœåŠ¡...
[github.com/flipped-aurora/gin-vue-admin/server]2025-07-19 13:36:06.368	[34minfo[0m	C:/Workspace/gin-vue-admin/server/core/server_run.go:59	WEBæœåŠ¡å·²å…³é—­
[github.com/flipped-aurora/gin-vue-admin/server]2025-07-19 13:37:14.433	[34minfo[0m	C:/Workspace/gin-vue-admin/server/initialize/router.go:72	register swagger handler
[github.com/flipped-aurora/gin-vue-admin/server]2025-07-19 13:37:14.442	[34minfo[0m	C:/Workspace/gin-vue-admin/server/initialize/plugin.go:10	é¡¹ç›®æš‚æœªåˆå§‹åŒ–ï¼Œæ— æ³•å®‰è£…æ’ä»¶ï¼Œåˆå§‹åŒ–åé‡å¯é¡¹ç›®å³å¯å®Œæˆæ’ä»¶å®‰è£…
[github.com/flipped-aurora/gin-vue-admin/server]2025-07-19 13:37:14.443	[34minfo[0m	C:/Workspace/gin-vue-admin/server/initialize/router.go:124	router register success
[github.com/flipped-aurora/gin-vue-admin/server]2025-07-19 13:37:26.181	[34minfo[0m	C:/Workspace/gin-vue-admin/server/api/v1/system/sys_initdb.go:57	å‰å¾€åˆå§‹åŒ–æ•°æ®åº“
[github.com/flipped-aurora/gin-vue-admin/server]2025-07-19 13:45:32.189	[34minfo[0m	C:/Workspace/gin-vue-admin/server/core/server_run.go:48	å…³é—­WEBæœåŠ¡...
[github.com/flipped-aurora/gin-vue-admin/server]2025-07-19 13:45:32.190	[34minfo[0m	C:/Workspace/gin-vue-admin/server/core/server_run.go:59	WEBæœåŠ¡å·²å…³é—­
[github.com/flipped-aurora/gin-vue-admin/server]2025-07-19 13:46:12.314	[34minfo[0m	C:/Workspace/gin-vue-admin/server/initialize/gorm.go:77	register table success
[github.com/flipped-aurora/gin-vue-admin/server]2025-07-19 13:46:12.317	[34minfo[0m	C:/Workspace/gin-vue-admin/server/initialize/router.go:72	register swagger handler
[github.com/flipped-aurora/gin-vue-admin/server]2025-07-19 13:46:12.363	[34minfo[0m	C:/Workspace/gin-vue-admin/server/initialize/router.go:124	router register success
[github.com/flipped-aurora/gin-vue-admin/server]2025-07-19 14:23:05.735	[34minfo[0m	C:/Workspace/gin-vue-admin/server/core/server_run.go:48	å…³é—­WEBæœåŠ¡...
[github.com/flipped-aurora/gin-vue-admin/server]2025-07-19 14:23:05.736	[34minfo[0m	C:/Workspace/gin-vue-admin/server/core/server_run.go:59	WEBæœåŠ¡å·²å…³é—­
